This is pdfTeX, Version 3.14159265-2.6-1.40.21 (TeX Live 2020) (preloaded format=pdflatex 2020.8.25)  10 FEB 2021 04:04
entering extended mode
 restricted \write18 enabled.
 %&-line parsing enabled.
**–ë—É—Ä–º–∞—à–µ–≤_–¥–∏—Å–∫—Ä–∞_16.tex
(./–ë—É—Ä–º–∞—à–µ–≤_–¥–∏—Å–∫—Ä–∞_16.tex
LaTeX2e <2020-02-02> patch level 5
L3 programming layer <2020-03-06>

! Package inputenc Error: Unicode character –ß (U+0427)
(inputenc)                not set up for use with LaTeX.

See the inputenc package documentation for explanation.
Type  H <return>  for immediate help.
 ...                                              
                                                  
l.1 –ß
      %\documentclass[a4paper,12pt]{article}
You may provide a definition with
\DeclareUnicodeCharacter 


! LaTeX Error: \usepackage before \documentclass.

See the LaTeX manual or LaTeX Companion for explanation.
Type  H <return>  for immediate help.
 ...                                              
                                                  
l.4 \usepackage{
                cmap}					% –ø–æ–∏—Å–∫ –≤ PDF
\usepackage may only appear in the document preamble, i.e.,
between \documentclass and \begin{document}.


! LaTeX Error: \usepackage before \documentclass.

See the LaTeX manual or LaTeX Companion for explanation.
Type  H <return>  for immediate help.
 ...                                              
                                                  
l.5 \usepackage{
                mathtext} 				% —Ä—É—Å—Å–∫–∏–µ –±—É–∫–≤—ã –≤ —Ñ–æ—Ä–º—É–ª–∞—Ö
\usepackage may only appear in the document preamble, i.e.,
between \documentclass and \begin{document}.


! LaTeX Error: \usepackage before \documentclass.

See the LaTeX manual or LaTeX Companion for explanation.
Type  H <return>  for immediate help.
 ...                                              
                                                  
l.6 \usepackage[T2A]{
                     fontenc}			% –∫–æ–¥–∏—Ä–æ–≤–∫–∞
\usepackage may only appear in the document preamble, i.e.,
between \documentclass and \begin{document}.


! LaTeX Error: \usepackage before \documentclass.

See the LaTeX manual or LaTeX Companion for explanation.
Type  H <return>  for immediate help.
 ...                                              
                                                  
l.7 \usepackage[utf8]{
                      inputenc}			% –∫–æ–¥–∏—Ä–æ–≤–∫–∞ –∏—Å—Ö–æ–¥–Ω–æ–≥–æ —Ç...

\usepackage may only appear in the document preamble, i.e.,
between \documentclass and \begin{document}.


! LaTeX Error: \usepackage before \documentclass.

See the LaTeX manual or LaTeX Companion for explanation.
Type  H <return>  for immediate help.
 ...                                              
                                                  
l.8 \usepackage[english,russian]{
                                 babel}	% –ª–æ–∫–∞–ª–∏–∑–∞—Ü–∏—è –∏ –ø–µ—Ä–µ...

\usepackage may only appear in the document preamble, i.e.,
between \documentclass and \begin{document}.


! LaTeX Error: \usepackage before \documentclass.

See the LaTeX manual or LaTeX Companion for explanation.
Type  H <return>  for immediate help.
 ...                                              
                                                  
l.9 \usepackage{
                xcolor}
\usepackage may only appear in the document preamble, i.e.,
between \documentclass and \begin{document}.


! LaTeX Error: \usepackage before \documentclass.

See the LaTeX manual or LaTeX Companion for explanation.
Type  H <return>  for immediate help.
 ...                                              
                                                  
l.10 \usepackage{
                 hyperref}
\usepackage may only appear in the document preamble, i.e.,
between \documentclass and \begin{document}.

! Undefined control sequence.
l.12 \definecolor
                 {linkcolor}{HTML}{799B03} % —Ü–≤–µ—Ç —Å—Å—ã–ª–æ–∫
The control sequence at the end of the top line
of your error message was never \def'ed. If you have
misspelled it (e.g., `\hobx'), type `I' and the correct
spelling (e.g., `I\hbox'). Otherwise just continue,
and I'll forget about whatever was undefined.


! LaTeX Error: Missing \begin{document}.

See the LaTeX manual or LaTeX Companion for explanation.
Type  H <return>  for immediate help.
 ...                                              
                                                  
l.12 \definecolor{l
                   inkcolor}{HTML}{799B03} % —Ü–≤–µ—Ç —Å—Å—ã–ª–æ–∫
You're in trouble here.  Try typing  <return>  to proceed.
If that doesn't work, type  X <return>  to quit.

Missing character: There is no l in font nullfont!
Missing character: There is no i in font nullfont!
Missing character: There is no n in font nullfont!
Missing character: There is no k in font nullfont!
Missing character: There is no c in font nullfont!
Missing character: There is no o in font nullfont!
Missing character: There is no l in font nullfont!
Missing character: There is no o in font nullfont!
Missing character: There is no r in font nullfont!
Missing character: There is no H in font nullfont!
Missing character: There is no T in font nullfont!
Missing character: There is no M in font nullfont!
Missing character: There is no L in font nullfont!
Missing character: There is no 7 in font nullfont!
Missing character: There is no 9 in font nullfont!
Missing character: There is no 9 in font nullfont!
Missing character: There is no B in font nullfont!
Missing character: There is no 0 in font nullfont!
Missing character: There is no 3 in font nullfont!
! Undefined control sequence.
l.13 \definecolor
                 {urlcolor}{HTML}{799B03} % —Ü–≤–µ—Ç –≥–∏–ø–µ—Ä—Å—Å—ã–ª–æ–∫
The control sequence at the end of the top line
of your error message was never \def'ed. If you have
misspelled it (e.g., `\hobx'), type `I' and the correct
spelling (e.g., `I\hbox'). Otherwise just continue,
and I'll forget about whatever was undefined.

Missing character: There is no u in font nullfont!
Missing character: There is no r in font nullfont!
Missing character: There is no l in font nullfont!
Missing character: There is no c in font nullfont!
Missing character: There is no o in font nullfont!
Missing character: There is no l in font nullfont!
Missing character: There is no o in font nullfont!
Missing character: There is no r in font nullfont!
Missing character: There is no H in font nullfont!
Missing character: There is no T in font nullfont!
Missing character: There is no M in font nullfont!
Missing character: There is no L in font nullfont!
Missing character: There is no 7 in font nullfont!
Missing character: There is no 9 in font nullfont!
Missing character: There is no 9 in font nullfont!
Missing character: There is no B in font nullfont!
Missing character: There is no 0 in font nullfont!
Missing character: There is no 3 in font nullfont!

Overfull \hbox (20.0pt too wide) in paragraph at lines 12--14
[]
 []

! Undefined control sequence.
l.15 \hypersetup
                {pdfstartview=FitH,  linkcolor=linkcolor,urlcolor=urlcolor, ...
The control sequence at the end of the top line
of your error message was never \def'ed. If you have
misspelled it (e.g., `\hobx'), type `I' and the correct
spelling (e.g., `I\hbox'). Otherwise just continue,
and I'll forget about whatever was undefined.


! LaTeX Error: Missing \begin{document}.

See the LaTeX manual or LaTeX Companion for explanation.
Type  H <return>  for immediate help.
 ...                                              
                                                  
l.15 \hypersetup{p
                  dfstartview=FitH,  linkcolor=linkcolor,urlcolor=urlcolor, ...

You're in trouble here.  Try typing  <return>  to proceed.
If that doesn't work, type  X <return>  to quit.

Missing character: There is no p in font nullfont!
Missing character: There is no d in font nullfont!
Missing character: There is no f in font nullfont!
Missing character: There is no s in font nullfont!
Missing character: There is no t in font nullfont!
Missing character: There is no a in font nullfont!
Missing character: There is no r in font nullfont!
Missing character: There is no t in font nullfont!
Missing character: There is no v in font nullfont!
Missing character: There is no i in font nullfont!
Missing character: There is no e in font nullfont!
Missing character: There is no w in font nullfont!
Missing character: There is no = in font nullfont!
Missing character: There is no F in font nullfont!
Missing character: There is no i in font nullfont!
Missing character: There is no t in font nullfont!
Missing character: There is no H in font nullfont!
Missing character: There is no , in font nullfont!
Missing character: There is no l in font nullfont!
Missing character: There is no i in font nullfont!
Missing character: There is no n in font nullfont!
Missing character: There is no k in font nullfont!
Missing character: There is no c in font nullfont!
Missing character: There is no o in font nullfont!
Missing character: There is no l in font nullfont!
Missing character: There is no o in font nullfont!
Missing character: There is no r in font nullfont!
Missing character: There is no = in font nullfont!
Missing character: There is no l in font nullfont!
Missing character: There is no i in font nullfont!
Missing character: There is no n in font nullfont!
Missing character: There is no k in font nullfont!
Missing character: There is no c in font nullfont!
Missing character: There is no o in font nullfont!
Missing character: There is no l in font nullfont!
Missing character: There is no o in font nullfont!
Missing character: There is no r in font nullfont!
Missing character: There is no , in font nullfont!
Missing character: There is no u in font nullfont!
Missing character: There is no r in font nullfont!
Missing character: There is no l in font nullfont!
Missing character: There is no c in font nullfont!
Missing character: There is no o in font nullfont!
Missing character: There is no l in font nullfont!
Missing character: There is no o in font nullfont!
Missing character: There is no r in font nullfont!
Missing character: There is no = in font nullfont!
Missing character: There is no u in font nullfont!
Missing character: There is no r in font nullfont!
Missing character: There is no l in font nullfont!
Missing character: There is no c in font nullfont!
Missing character: There is no o in font nullfont!
Missing character: There is no l in font nullfont!
Missing character: There is no o in font nullfont!
Missing character: There is no r in font nullfont!
Missing character: There is no , in font nullfont!
Missing character: There is no c in font nullfont!
Missing character: There is no o in font nullfont!
Missing character: There is no l in font nullfont!
Missing character: There is no o in font nullfont!
Missing character: There is no r in font nullfont!
Missing character: There is no l in font nullfont!
Missing character: There is no i in font nullfont!
Missing character: There is no n in font nullfont!
Missing character: There is no k in font nullfont!
Missing character: There is no s in font nullfont!
Missing character: There is no = in font nullfont!
Missing character: There is no t in font nullfont!
Missing character: There is no r in font nullfont!
Missing character: There is no u in font nullfont!
Missing character: There is no e in font nullfont!

Overfull \hbox (20.0pt too wide) in paragraph at lines 15--16
[]
 []


! LaTeX Error: \usepackage before \documentclass.

See the LaTeX manual or LaTeX Companion for explanation.
Type  H <return>  for immediate help.
 ...                                              
                                                  
l.18 \usepackage{
                 amsfonts,amssymb,amsthm,mathtools} % AMS
\usepackage may only appear in the document preamble, i.e.,
between \documentclass and \begin{document}.


! LaTeX Error: \usepackage before \documentclass.

See the LaTeX manual or LaTeX Companion for explanation.
Type  H <return>  for immediate help.
 ...                                              
                                                  
l.19 \usepackage{
                 amsmath}
\usepackage may only appear in the document preamble, i.e.,
between \documentclass and \begin{document}.


! LaTeX Error: \usepackage before \documentclass.

See the LaTeX manual or LaTeX Companion for explanation.
Type  H <return>  for immediate help.
 ...                                              
                                                  
l.20 \usepackage{
                 icomma} % "–£–º–Ω–∞—è" –∑–∞–ø—è—Ç–∞—è: $0,2$ --- —á–∏—Å–ª–æ...

\usepackage may only appear in the document preamble, i.e.,
between \documentclass and \begin{document}.


! LaTeX Error: \usepackage before \documentclass.

See the LaTeX manual or LaTeX Companion for explanation.
Type  H <return>  for immediate help.
 ...                                              
                                                  
l.26 \usepackage{
                 euscript}	 % –®—Ä–∏—Ñ—Ç –ï–≤–∫–ª–∏–¥
\usepackage may only appear in the document preamble, i.e.,
between \documentclass and \begin{document}.


! LaTeX Error: \usepackage before \documentclass.

See the LaTeX manual or LaTeX Companion for explanation.
Type  H <return>  for immediate help.
 ...                                              
                                                  
l.27 \usepackage{
                 mathrsfs} % –ö—Ä–∞—Å–∏–≤—ã–π –º–∞—Ç—à—Ä–∏—Ñ—Ç
\usepackage may only appear in the document preamble, i.e.,
between \documentclass and \begin{document}.

! Undefined control sequence.
l.30 \DeclareMathOperator
                         {\sgn}{\mathop{sgn}}
The control sequence at the end of the top line
of your error message was never \def'ed. If you have
misspelled it (e.g., `\hobx'), type `I' and the correct
spelling (e.g., `I\hbox'). Otherwise just continue,
and I'll forget about whatever was undefined.

! Undefined control sequence.
l.30 \DeclareMathOperator{\sgn
                              }{\mathop{sgn}}
The control sequence at the end of the top line
of your error message was never \def'ed. If you have
misspelled it (e.g., `\hobx'), type `I' and the correct
spelling (e.g., `I\hbox'). Otherwise just continue,
and I'll forget about whatever was undefined.

! Missing $ inserted.
<inserted text> 
                $
l.30 \DeclareMathOperator{\sgn}{\mathop
                                       {sgn}}
I've inserted a begin-math/end-math symbol since I think
you left one out. Proceed, with fingers crossed.


! LaTeX Error: Missing \begin{document}.

See the LaTeX manual or LaTeX Companion for explanation.
Type  H <return>  for immediate help.
 ...                                              
                                                  
l.30 \DeclareMathOperator{\sgn}{\mathop
                                       {sgn}}
You're in trouble here.  Try typing  <return>  to proceed.
If that doesn't work, type  X <return>  to quit.

LaTeX Font Info:    External font `cmex10' loaded for size
(Font)              <7> on input line 30.
LaTeX Font Info:    External font `cmex10' loaded for size
(Font)              <5> on input line 30.
! Extra }, or forgotten $.
l.30 \DeclareMathOperator{\sgn}{\mathop{sgn}}
                                             
I've deleted a group-closing symbol because it seems to be
spurious, as in `$x}$'. But perhaps the } is legitimate and
you forgot something else, as in `\hbox{$x}'. In such cases
the way to recover is to insert both the forgotten and the
deleted material, e.g., by typing `I$}'.

! Missing $ inserted.
<inserted text> 
                $
l.31 
     
I've inserted a begin-math/end-math symbol since I think
you left one out. Proceed, with fingers crossed.


Overfull \hbox (35.81831pt too wide) in paragraph at lines 30--31
[]$[]$ 
 []


! LaTeX Error: \usepackage before \documentclass.

See the LaTeX manual or LaTeX Companion for explanation.
Type  H <return>  for immediate help.
 ...                                              
                                                  
l.36 \usepackage{
                 graphicx}
\usepackage may only appear in the document preamble, i.e.,
between \documentclass and \begin{document}.

! Undefined control sequence.
l.37 \graphicspath
                  {{pictures/}}
The control sequence at the end of the top line
of your error message was never \def'ed. If you have
misspelled it (e.g., `\hobx'), type `I' and the correct
spelling (e.g., `I\hbox'). Otherwise just continue,
and I'll forget about whatever was undefined.


! LaTeX Error: Missing \begin{document}.

See the LaTeX manual or LaTeX Companion for explanation.
Type  H <return>  for immediate help.
 ...                                              
                                                  
l.37 \graphicspath{{p
                     ictures/}}
You're in trouble here.  Try typing  <return>  to proceed.
If that doesn't work, type  X <return>  to quit.

Missing character: There is no p in font nullfont!
Missing character: There is no i in font nullfont!
Missing character: There is no c in font nullfont!
Missing character: There is no t in font nullfont!
Missing character: There is no u in font nullfont!
Missing character: There is no r in font nullfont!
Missing character: There is no e in font nullfont!
Missing character: There is no s in font nullfont!
Missing character: There is no / in font nullfont!
! Undefined control sequence.
l.38 \DeclareGraphicsExtensions
                               {.pdf,.png,.jpg}
The control sequence at the end of the top line
of your error message was never \def'ed. If you have
misspelled it (e.g., `\hobx'), type `I' and the correct
spelling (e.g., `I\hbox'). Otherwise just continue,
and I'll forget about whatever was undefined.

Missing character: There is no . in font nullfont!
Missing character: There is no p in font nullfont!
Missing character: There is no d in font nullfont!
Missing character: There is no f in font nullfont!
Missing character: There is no , in font nullfont!
Missing character: There is no . in font nullfont!
Missing character: There is no p in font nullfont!
Missing character: There is no n in font nullfont!
Missing character: There is no g in font nullfont!
Missing character: There is no , in font nullfont!
Missing character: There is no . in font nullfont!
Missing character: There is no j in font nullfont!
Missing character: There is no p in font nullfont!
Missing character: There is no g in font nullfont!
(/usr/local/texlive/2020/texmf-dist/tex/latex/l3backend/l3backend-pdfmode.def
File: l3backend-pdfmode.def 2020-03-12 L3 backend support: PDF mode
\l__kernel_color_stack_int=\count167
\l__pdf_internal_box=\box45
)
(./–ë—É—Ä–º–∞—à–µ–≤_–¥–∏—Å–∫—Ä–∞_16.aux)
\openout1 = `–ë—É—Ä–º–∞—à–µ–≤_–¥–∏—Å–∫—Ä–∞_16.aux'.

LaTeX Font Info:    Checking defaults for OML/cmm/m/it on input line 42.
LaTeX Font Info:    ... okay on input line 42.
LaTeX Font Info:    Checking defaults for OMS/cmsy/m/n on input line 42.
LaTeX Font Info:    ... okay on input line 42.
LaTeX Font Info:    Checking defaults for OT1/cmr/m/n on input line 42.
LaTeX Font Info:    ... okay on input line 42.
LaTeX Font Info:    Checking defaults for T1/cmr/m/n on input line 42.
LaTeX Font Info:    ... okay on input line 42.
LaTeX Font Info:    Checking defaults for TS1/cmr/m/n on input line 42.
LaTeX Font Info:    ... okay on input line 42.
LaTeX Font Info:    Checking defaults for OMX/cmex/m/n on input line 42.
LaTeX Font Info:    ... okay on input line 42.
LaTeX Font Info:    Checking defaults for U/cmr/m/n on input line 42.
LaTeX Font Info:    ... okay on input line 42.


! LaTeX Error: The font size command \normalsize is not defined:
               there is probably something wrong with the class file.

See the LaTeX manual or LaTeX Companion for explanation.
Type  H <return>  for immediate help.
 ...                                              
                                                  
l.42 \begin{document}
                     
Your command was ignored.
Type  I <command> <return>  to replace it with another command,
or  <return>  to continue without it.


! Package inputenc Error: Unicode character –ë (U+0411)
(inputenc)                not set up for use with LaTeX.

See the inputenc package documentation for explanation.
Type  H <return>  for immediate help.
 ...                                              
                                                  
l.44 –ë
       —É—Ä–º–∞—à–µ–≤ –ì—Ä–∏–≥–æ—Ä–∏–π, 208, –î–∏—Å–∫—Ä–∞ -- 16
You may provide a definition with
\DeclareUnicodeCharacter 


! Package inputenc Error: Unicode character —É (U+0443)
(inputenc)                not set up for use with LaTeX.

See the inputenc package documentation for explanation.
Type  H <return>  for immediate help.
 ...                                              
                                                  
l.44 –ë—É
         —Ä–º–∞—à–µ–≤ –ì—Ä–∏–≥–æ—Ä–∏–π, 208, –î–∏—Å–∫—Ä–∞ -- 16
You may provide a definition with
\DeclareUnicodeCharacter 


! Package inputenc Error: Unicode character —Ä (U+0440)
(inputenc)                not set up for use with LaTeX.

See the inputenc package documentation for explanation.
Type  H <return>  for immediate help.
 ...                                              
                                                  
l.44 –ë—É—Ä
           –º–∞—à–µ–≤ –ì—Ä–∏–≥–æ—Ä–∏–π, 208, –î–∏—Å–∫—Ä–∞ -- 16
You may provide a definition with
\DeclareUnicodeCharacter 


! Package inputenc Error: Unicode character –º (U+043C)
(inputenc)                not set up for use with LaTeX.

See the inputenc package documentation for explanation.
Type  H <return>  for immediate help.
 ...                                              
                                                  
l.44 –ë—É—Ä–º
             –∞—à–µ–≤ –ì—Ä–∏–≥–æ—Ä–∏–π, 208, –î–∏—Å–∫—Ä–∞ -- 16
You may provide a definition with
\DeclareUnicodeCharacter 


! Package inputenc Error: Unicode character –∞ (U+0430)
(inputenc)                not set up for use with LaTeX.

See the inputenc package documentation for explanation.
Type  H <return>  for immediate help.
 ...                                              
                                                  
l.44 –ë—É—Ä–º–∞
               —à–µ–≤ –ì—Ä–∏–≥–æ—Ä–∏–π, 208, –î–∏—Å–∫—Ä–∞ -- 16
You may provide a definition with
\DeclareUnicodeCharacter 


! Package inputenc Error: Unicode character —à (U+0448)
(inputenc)                not set up for use with LaTeX.

See the inputenc package documentation for explanation.
Type  H <return>  for immediate help.
 ...                                              
                                                  
l.44 –ë—É—Ä–º–∞—à
                 –µ–≤ –ì—Ä–∏–≥–æ—Ä–∏–π, 208, –î–∏—Å–∫—Ä–∞ -- 16
You may provide a definition with
\DeclareUnicodeCharacter 


! Package inputenc Error: Unicode character –µ (U+0435)
(inputenc)                not set up for use with LaTeX.

See the inputenc package documentation for explanation.
Type  H <return>  for immediate help.
 ...                                              
                                                  
l.44 –ë—É—Ä–º–∞—à–µ
                   –≤ –ì—Ä–∏–≥–æ—Ä–∏–π, 208, –î–∏—Å–∫—Ä–∞ -- 16
You may provide a definition with
\DeclareUnicodeCharacter 


! Package inputenc Error: Unicode character –≤ (U+0432)
(inputenc)                not set up for use with LaTeX.

See the inputenc package documentation for explanation.
Type  H <return>  for immediate help.
 ...                                              
                                                  
l.44 –ë—É—Ä–º–∞—à–µ–≤
                      –ì—Ä–∏–≥–æ—Ä–∏–π, 208, –î–∏—Å–∫—Ä–∞ -- 16
You may provide a definition with
\DeclareUnicodeCharacter 


! Package inputenc Error: Unicode character –ì (U+0413)
(inputenc)                not set up for use with LaTeX.

See the inputenc package documentation for explanation.
Type  H <return>  for immediate help.
 ...                                              
                                                  
l.44 –ë—É—Ä–º–∞—à–µ–≤ –ì
                        —Ä–∏–≥–æ—Ä–∏–π, 208, –î–∏—Å–∫—Ä–∞ -- 16
You may provide a definition with
\DeclareUnicodeCharacter 


! Package inputenc Error: Unicode character —Ä (U+0440)
(inputenc)                not set up for use with LaTeX.

See the inputenc package documentation for explanation.
Type  H <return>  for immediate help.
 ...                                              
                                                  
l.44 –ë—É—Ä–º–∞—à–µ–≤ –ì—Ä
                          –∏–≥–æ—Ä–∏–π, 208, –î–∏—Å–∫—Ä–∞ -- 16
You may provide a definition with
\DeclareUnicodeCharacter 


! Package inputenc Error: Unicode character –∏ (U+0438)
(inputenc)                not set up for use with LaTeX.

See the inputenc package documentation for explanation.
Type  H <return>  for immediate help.
 ...                                              
                                                  
l.44 –ë—É—Ä–º–∞—à–µ–≤ –ì—Ä–∏
                            –≥–æ—Ä–∏–π, 208, –î–∏—Å–∫—Ä–∞ -- 16
You may provide a definition with
\DeclareUnicodeCharacter 


! Package inputenc Error: Unicode character –≥ (U+0433)
(inputenc)                not set up for use with LaTeX.

See the inputenc package documentation for explanation.
Type  H <return>  for immediate help.
 ...                                              
                                                  
l.44 –ë—É—Ä–º–∞—à–µ–≤ –ì—Ä–∏–≥
                              –æ—Ä–∏–π, 208, –î–∏—Å–∫—Ä–∞ -- 16
You may provide a definition with
\DeclareUnicodeCharacter 


! Package inputenc Error: Unicode character –æ (U+043E)
(inputenc)                not set up for use with LaTeX.

See the inputenc package documentation for explanation.
Type  H <return>  for immediate help.
 ...                                              
                                                  
l.44 –ë—É—Ä–º–∞—à–µ–≤ –ì—Ä–∏–≥–æ
                                —Ä–∏–π, 208, –î–∏—Å–∫—Ä–∞ -- 16
You may provide a definition with
\DeclareUnicodeCharacter 


! Package inputenc Error: Unicode character —Ä (U+0440)
(inputenc)                not set up for use with LaTeX.

See the inputenc package documentation for explanation.
Type  H <return>  for immediate help.
 ...                                              
                                                  
l.44 –ë—É—Ä–º–∞—à–µ–≤ –ì—Ä–∏–≥–æ—Ä
                                  –∏–π, 208, –î–∏—Å–∫—Ä–∞ -- 16
You may provide a definition with
\DeclareUnicodeCharacter 


! Package inputenc Error: Unicode character –∏ (U+0438)
(inputenc)                not set up for use with LaTeX.

See the inputenc package documentation for explanation.
Type  H <return>  for immediate help.
 ...                                              
                                                  
l.44 –ë—É—Ä–º–∞—à–µ–≤ –ì—Ä–∏–≥–æ—Ä–∏
                                    –π, 208, –î–∏—Å–∫—Ä–∞ -- 16
You may provide a definition with
\DeclareUnicodeCharacter 


! Package inputenc Error: Unicode character –π (U+0439)
(inputenc)                not set up for use with LaTeX.

See the inputenc package documentation for explanation.
Type  H <return>  for immediate help.
 ...                                              
                                                  
l.44 –ë—É—Ä–º–∞—à–µ–≤ –ì—Ä–∏–≥–æ—Ä–∏–π
                                      , 208, –î–∏—Å–∫—Ä–∞ -- 16
You may provide a definition with
\DeclareUnicodeCharacter 


! Package inputenc Error: Unicode character –î (U+0414)
(inputenc)                not set up for use with LaTeX.

See the inputenc package documentation for explanation.
Type  H <return>  for immediate help.
 ...                                              
                                                  
l.44 –ë—É—Ä–º–∞—à–µ–≤ –ì—Ä–∏–≥–æ—Ä–∏–π, 208, –î
                                               –∏—Å–∫—Ä–∞ -- 16
You may provide a definition with
\DeclareUnicodeCharacter 


! Package inputenc Error: Unicode character –∏ (U+0438)
(inputenc)                not set up for use with LaTeX.

See the inputenc package documentation for explanation.
Type  H <return>  for immediate help.
 ...                                              
                                                  
l.44 –ë—É—Ä–º–∞—à–µ–≤ –ì—Ä–∏–≥–æ—Ä–∏–π, 208, –î–∏
                                                 —Å–∫—Ä–∞ -- 16
You may provide a definition with
\DeclareUnicodeCharacter 


! Package inputenc Error: Unicode character —Å (U+0441)
(inputenc)                not set up for use with LaTeX.

See the inputenc package documentation for explanation.
Type  H <return>  for immediate help.
 ...                                              
                                                  
l.44 ...—Ä–º–∞—à–µ–≤ –ì—Ä–∏–≥–æ—Ä–∏–π, 208, –î–∏—Å
                                                  –∫—Ä–∞ -- 16
You may provide a definition with
\DeclareUnicodeCharacter 


! Package inputenc Error: Unicode character –∫ (U+043A)
(inputenc)                not set up for use with LaTeX.

See the inputenc package documentation for explanation.
Type  H <return>  for immediate help.
 ...                                              
                                                  
l.44 ...–º–∞—à–µ–≤ –ì—Ä–∏–≥–æ—Ä–∏–π, 208, –î–∏—Å–∫
                                                  —Ä–∞ -- 16
You may provide a definition with
\DeclareUnicodeCharacter 


! Package inputenc Error: Unicode character —Ä (U+0440)
(inputenc)                not set up for use with LaTeX.

See the inputenc package documentation for explanation.
Type  H <return>  for immediate help.
 ...                                              
                                                  
l.44 ...–∞—à–µ–≤ –ì—Ä–∏–≥–æ—Ä–∏–π, 208, –î–∏—Å–∫—Ä
                                                  –∞ -- 16
You may provide a definition with
\DeclareUnicodeCharacter 


! Package inputenc Error: Unicode character –∞ (U+0430)
(inputenc)                not set up for use with LaTeX.

See the inputenc package documentation for explanation.
Type  H <return>  for immediate help.
 ...                                              
                                                  
l.44 ...—à–µ–≤ –ì—Ä–∏–≥–æ—Ä–∏–π, 208, –î–∏—Å–∫—Ä–∞
                                                   -- 16
You may provide a definition with
\DeclareUnicodeCharacter 

! Undefined control sequence.
l.46 \section
             *{–ù–æ–º–µ—Ä 1}
The control sequence at the end of the top line
of your error message was never \def'ed. If you have
misspelled it (e.g., `\hobx'), type `I' and the correct
spelling (e.g., `I\hbox'). Otherwise just continue,
and I'll forget about whatever was undefined.


! Package inputenc Error: Unicode character –ù (U+041D)
(inputenc)                not set up for use with LaTeX.

See the inputenc package documentation for explanation.
Type  H <return>  for immediate help.
 ...                                              
                                                  
l.46 \section*{–ù
                 –æ–º–µ—Ä 1}
You may provide a definition with
\DeclareUnicodeCharacter 


! Package inputenc Error: Unicode character –æ (U+043E)
(inputenc)                not set up for use with LaTeX.

See the inputenc package documentation for explanation.
Type  H <return>  for immediate help.
 ...                                              
                                                  
l.46 \section*{–ù–æ
                   –º–µ—Ä 1}
You may provide a definition with
\DeclareUnicodeCharacter 


! Package inputenc Error: Unicode character –º (U+043C)
(inputenc)                not set up for use with LaTeX.

See the inputenc package documentation for explanation.
Type  H <return>  for immediate help.
 ...                                              
                                                  
l.46 \section*{–ù–æ–º
                     –µ—Ä 1}
You may provide a definition with
\DeclareUnicodeCharacter 


! Package inputenc Error: Unicode character –µ (U+0435)
(inputenc)                not set up for use with LaTeX.

See the inputenc package documentation for explanation.
Type  H <return>  for immediate help.
 ...                                              
                                                  
l.46 \section*{–ù–æ–º–µ
                       —Ä 1}
You may provide a definition with
\DeclareUnicodeCharacter 


! Package inputenc Error: Unicode character —Ä (U+0440)
(inputenc)                not set up for use with LaTeX.

See the inputenc package documentation for explanation.
Type  H <return>  for immediate help.
 ...                                              
                                                  
l.46 \section*{–ù–æ–º–µ—Ä
                          1}
You may provide a definition with
\DeclareUnicodeCharacter 


! LaTeX Error: Environment equation* undefined.

See the LaTeX manual or LaTeX Companion for explanation.
Type  H <return>  for immediate help.
 ...                                              
                                                  
l.47 \begin{equation*}
                      
Your command was ignored.
Type  I <command> <return>  to replace it with another command,
or  <return>  to continue without it.


! LaTeX Error: Environment gathered undefined.

See the LaTeX manual or LaTeX Companion for explanation.
Type  H <return>  for immediate help.
 ...                                              
                                                  
l.48 \begin{gathered}
                     
Your command was ignored.
Type  I <command> <return>  to replace it with another command,
or  <return>  to continue without it.

! Missing $ inserted.
<inserted text> 
                $
l.49 \Omega
            = \{x : 0 < x < 101\} \\
I've inserted a begin-math/end-math symbol since I think
you left one out. Proceed, with fingers crossed.


! LaTeX Error: \begin{document} ended by \end{gathered}.

See the LaTeX manual or LaTeX Companion for explanation.
Type  H <return>  for immediate help.
 ...                                              
                                                  
l.58 \end{gathered}
                   
Your command was ignored.
Type  I <command> <return>  to replace it with another command,
or  <return>  to continue without it.

! Missing $ inserted.
<inserted text> 
                $
l.58 \end{gathered}
                   
I've inserted something that you may have forgotten.
(See the <inserted text> above.)
With luck, this will get me unwedged. But if you
really didn't forget anything, try typing `2' now; then
my insertion and my current dilemma will both disappear.


! LaTeX Error: \begin{document} ended by \end{equation*}.

See the LaTeX manual or LaTeX Companion for explanation.
Type  H <return>  for immediate help.
 ...                                              
                                                  
l.59 \end{equation*}
                    
Your command was ignored.
Type  I <command> <return>  to replace it with another command,
or  <return>  to continue without it.


! Package inputenc Error: Unicode character –û (U+041E)
(inputenc)                not set up for use with LaTeX.

See the inputenc package documentation for explanation.
Type  H <return>  for immediate help.
 ...                                              
                                                  
l.61 \textbf{–û—Ç–≤–µ—Ç: }
                           $\frac{2}{7}$
You may provide a definition with
\DeclareUnicodeCharacter 


! Package inputenc Error: Unicode character —Ç (U+0442)
(inputenc)                not set up for use with LaTeX.

See the inputenc package documentation for explanation.
Type  H <return>  for immediate help.
 ...                                              
                                                  
l.61 \textbf{–û—Ç–≤–µ—Ç: }
                           $\frac{2}{7}$
You may provide a definition with
\DeclareUnicodeCharacter 


! Package inputenc Error: Unicode character –≤ (U+0432)
(inputenc)                not set up for use with LaTeX.

See the inputenc package documentation for explanation.
Type  H <return>  for immediate help.
 ...                                              
                                                  
l.61 \textbf{–û—Ç–≤–µ—Ç: }
                           $\frac{2}{7}$
You may provide a definition with
\DeclareUnicodeCharacter 


! Package inputenc Error: Unicode character –µ (U+0435)
(inputenc)                not set up for use with LaTeX.

See the inputenc package documentation for explanation.
Type  H <return>  for immediate help.
 ...                                              
                                                  
l.61 \textbf{–û—Ç–≤–µ—Ç: }
                           $\frac{2}{7}$
You may provide a definition with
\DeclareUnicodeCharacter 


! Package inputenc Error: Unicode character —Ç (U+0442)
(inputenc)                not set up for use with LaTeX.

See the inputenc package documentation for explanation.
Type  H <return>  for immediate help.
 ...                                              
                                                  
l.61 \textbf{–û—Ç–≤–µ—Ç: }
                           $\frac{2}{7}$
You may provide a definition with
\DeclareUnicodeCharacter 

! Undefined control sequence.
l.63 \section
             *{–ù–æ–º–µ—Ä 2}
The control sequence at the end of the top line
of your error message was never \def'ed. If you have
misspelled it (e.g., `\hobx'), type `I' and the correct
spelling (e.g., `I\hbox'). Otherwise just continue,
and I'll forget about whatever was undefined.


! Package inputenc Error: Unicode character –ù (U+041D)
(inputenc)                not set up for use with LaTeX.

See the inputenc package documentation for explanation.
Type  H <return>  for immediate help.
 ...                                              
                                                  
l.63 \section*{–ù
                 –æ–º–µ—Ä 2}
You may provide a definition with
\DeclareUnicodeCharacter 


! Package inputenc Error: Unicode character –æ (U+043E)
(inputenc)                not set up for use with LaTeX.

See the inputenc package documentation for explanation.
Type  H <return>  for immediate help.
 ...                                              
                                                  
l.63 \section*{–ù–æ
                   –º–µ—Ä 2}
You may provide a definition with
\DeclareUnicodeCharacter 


! Package inputenc Error: Unicode character –º (U+043C)
(inputenc)                not set up for use with LaTeX.

See the inputenc package documentation for explanation.
Type  H <return>  for immediate help.
 ...                                              
                                                  
l.63 \section*{–ù–æ–º
                     –µ—Ä 2}
You may provide a definition with
\DeclareUnicodeCharacter 


! Package inputenc Error: Unicode character –µ (U+0435)
(inputenc)                not set up for use with LaTeX.

See the inputenc package documentation for explanation.
Type  H <return>  for immediate help.
 ...                                              
                                                  
l.63 \section*{–ù–æ–º–µ
                       —Ä 2}
You may provide a definition with
\DeclareUnicodeCharacter 


! Package inputenc Error: Unicode character —Ä (U+0440)
(inputenc)                not set up for use with LaTeX.

See the inputenc package documentation for explanation.
Type  H <return>  for immediate help.
 ...                                              
                                                  
l.63 \section*{–ù–æ–º–µ—Ä
                          2}
You may provide a definition with
\DeclareUnicodeCharacter 


! LaTeX Error: Environment equation* undefined.

See the LaTeX manual or LaTeX Companion for explanation.
Type  H <return>  for immediate help.
 ...                                              
                                                  
l.64 \begin{equation*}
                      
Your command was ignored.
Type  I <command> <return>  to replace it with another command,
or  <return>  to continue without it.


! LaTeX Error: Environment gathered undefined.

See the LaTeX manual or LaTeX Companion for explanation.
Type  H <return>  for immediate help.
 ...                                              
                                                  
l.65 \begin{gathered}
                     
Your command was ignored.
Type  I <command> <return>  to replace it with another command,
or  <return>  to continue without it.

! Missing $ inserted.
<inserted text> 
                $
l.66 \Omega
            = \{ f : \{1 \ldots n\} \rightarrow \{1 \ldots n\}\} \\
I've inserted a begin-math/end-math symbol since I think
you left one out. Proceed, with fingers crossed.

! Undefined control sequence.
l.70 B = \{f : f \text
                      { —è–≤–ª—è–µ—Ç—Å—è –∏–Ω—å–µ–∫—Ü–∏–µ–π}\} \\
The control sequence at the end of the top line
of your error message was never \def'ed. If you have
misspelled it (e.g., `\hobx'), type `I' and the correct
spelling (e.g., `I\hbox'). Otherwise just continue,
and I'll forget about whatever was undefined.


! Package inputenc Error: Unicode character —è (U+044F)
(inputenc)                not set up for use with LaTeX.

See the inputenc package documentation for explanation.
Type  H <return>  for immediate help.
 ...                                              
                                                  
l.70 B = \{f : f \text{ —è
                          –≤–ª—è–µ—Ç—Å—è –∏–Ω—å–µ–∫—Ü–∏–µ–π}\} \\
You may provide a definition with
\DeclareUnicodeCharacter 


! Package inputenc Error: Unicode character –≤ (U+0432)
(inputenc)                not set up for use with LaTeX.

See the inputenc package documentation for explanation.
Type  H <return>  for immediate help.
 ...                                              
                                                  
l.70 B = \{f : f \text{ —è–≤
                            –ª—è–µ—Ç—Å—è –∏–Ω—å–µ–∫—Ü–∏–µ–π}\} \\
You may provide a definition with
\DeclareUnicodeCharacter 


! Package inputenc Error: Unicode character –ª (U+043B)
(inputenc)                not set up for use with LaTeX.

See the inputenc package documentation for explanation.
Type  H <return>  for immediate help.
 ...                                              
                                                  
l.70 B = \{f : f \text{ —è–≤–ª
                              —è–µ—Ç—Å—è –∏–Ω—å–µ–∫—Ü–∏–µ–π}\} \\
You may provide a definition with
\DeclareUnicodeCharacter 


! Package inputenc Error: Unicode character —è (U+044F)
(inputenc)                not set up for use with LaTeX.

See the inputenc package documentation for explanation.
Type  H <return>  for immediate help.
 ...                                              
                                                  
l.70 B = \{f : f \text{ —è–≤–ª—è
                                –µ—Ç—Å—è –∏–Ω—å–µ–∫—Ü–∏–µ–π}\} \\
You may provide a definition with
\DeclareUnicodeCharacter 


! Package inputenc Error: Unicode character –µ (U+0435)
(inputenc)                not set up for use with LaTeX.

See the inputenc package documentation for explanation.
Type  H <return>  for immediate help.
 ...                                              
                                                  
l.70 B = \{f : f \text{ —è–≤–ª—è–µ
                                  —Ç—Å—è –∏–Ω—å–µ–∫—Ü–∏–µ–π}\} \\
You may provide a definition with
\DeclareUnicodeCharacter 


! Package inputenc Error: Unicode character —Ç (U+0442)
(inputenc)                not set up for use with LaTeX.

See the inputenc package documentation for explanation.
Type  H <return>  for immediate help.
 ...                                              
                                                  
l.70 B = \{f : f \text{ —è–≤–ª—è–µ—Ç
                                    —Å—è –∏–Ω—å–µ–∫—Ü–∏–µ–π}\} \\
You may provide a definition with
\DeclareUnicodeCharacter 


! Package inputenc Error: Unicode character —Å (U+0441)
(inputenc)                not set up for use with LaTeX.

See the inputenc package documentation for explanation.
Type  H <return>  for immediate help.
 ...                                              
                                                  
l.70 B = \{f : f \text{ —è–≤–ª—è–µ—Ç—Å
                                      —è –∏–Ω—å–µ–∫—Ü–∏–µ–π}\} \\
You may provide a definition with
\DeclareUnicodeCharacter 


! Package inputenc Error: Unicode character —è (U+044F)
(inputenc)                not set up for use with LaTeX.

See the inputenc package documentation for explanation.
Type  H <return>  for immediate help.
 ...                                              
                                                  
l.70 B = \{f : f \text{ —è–≤–ª—è–µ—Ç—Å—è
                                         –∏–Ω—å–µ–∫—Ü–∏–µ–π}\} \\
You may provide a definition with
\DeclareUnicodeCharacter 


! Package inputenc Error: Unicode character –∏ (U+0438)
(inputenc)                not set up for use with LaTeX.

See the inputenc package documentation for explanation.
Type  H <return>  for immediate help.
 ...                                              
                                                  
l.70 B = \{f : f \text{ —è–≤–ª—è–µ—Ç—Å—è –∏
                                           –Ω—å–µ–∫—Ü–∏–µ–π}\} \\
You may provide a definition with
\DeclareUnicodeCharacter 


! Package inputenc Error: Unicode character –Ω (U+043D)
(inputenc)                not set up for use with LaTeX.

See the inputenc package documentation for explanation.
Type  H <return>  for immediate help.
 ...                                              
                                                  
l.70 B = \{f : f \text{ —è–≤–ª—è–µ—Ç—Å—è –∏–Ω
                                             —å–µ–∫—Ü–∏–µ–π}\} \\
You may provide a definition with
\DeclareUnicodeCharacter 


! Package inputenc Error: Unicode character —å (U+044C)
(inputenc)                not set up for use with LaTeX.

See the inputenc package documentation for explanation.
Type  H <return>  for immediate help.
 ...                                              
                                                  
l.70 B = \{f : f \text{ —è–≤–ª—è–µ—Ç—Å—è –∏–Ω—å
                                               –µ–∫—Ü–∏–µ–π}\} \\
You may provide a definition with
\DeclareUnicodeCharacter 


! Package inputenc Error: Unicode character –µ (U+0435)
(inputenc)                not set up for use with LaTeX.

See the inputenc package documentation for explanation.
Type  H <return>  for immediate help.
 ...                                              
                                                  
l.70 B = \{f : f \text{ —è–≤–ª—è–µ—Ç—Å—è –∏–Ω—å–µ
                                                 –∫—Ü–∏–µ–π}\} \\
You may provide a definition with
\DeclareUnicodeCharacter 


! Package inputenc Error: Unicode character –∫ (U+043A)
(inputenc)                not set up for use with LaTeX.

See the inputenc package documentation for explanation.
Type  H <return>  for immediate help.
 ...                                              
                                                  
l.70 ...\{f : f \text{ —è–≤–ª—è–µ—Ç—Å—è –∏–Ω—å–µ–∫
                                                  —Ü–∏–µ–π}\} \\
You may provide a definition with
\DeclareUnicodeCharacter 


! Package inputenc Error: Unicode character —Ü (U+0446)
(inputenc)                not set up for use with LaTeX.

See the inputenc package documentation for explanation.
Type  H <return>  for immediate help.
 ...                                              
                                                  
l.70 ...f : f \text{ —è–≤–ª—è–µ—Ç—Å—è –∏–Ω—å–µ–∫—Ü
                                                  –∏–µ–π}\} \\
You may provide a definition with
\DeclareUnicodeCharacter 


! Package inputenc Error: Unicode character –∏ (U+0438)
(inputenc)                not set up for use with LaTeX.

See the inputenc package documentation for explanation.
Type  H <return>  for immediate help.
 ...                                              
                                                  
l.70 ...: f \text{ —è–≤–ª—è–µ—Ç—Å—è –∏–Ω—å–µ–∫—Ü–∏
                                                  –µ–π}\} \\
You may provide a definition with
\DeclareUnicodeCharacter 


! Package inputenc Error: Unicode character –µ (U+0435)
(inputenc)                not set up for use with LaTeX.

See the inputenc package documentation for explanation.
Type  H <return>  for immediate help.
 ...                                              
                                                  
l.70 ...f \text{ —è–≤–ª—è–µ—Ç—Å—è –∏–Ω—å–µ–∫—Ü–∏–µ
                                                  –π}\} \\
You may provide a definition with
\DeclareUnicodeCharacter 


! Package inputenc Error: Unicode character –π (U+0439)
(inputenc)                not set up for use with LaTeX.

See the inputenc package documentation for explanation.
Type  H <return>  for immediate help.
 ...                                              
                                                  
l.70 ...\text{ —è–≤–ª—è–µ—Ç—Å—è –∏–Ω—å–µ–∫—Ü–∏–µ–π
                                                  }\} \\
You may provide a definition with
\DeclareUnicodeCharacter 

! Undefined control sequence.
l.72 A \cap B = \{f : (f(1) = 1) \cap (f \text
                                              { —è–≤–ª—è–µ—Ç—Å—è –∏–Ω—å–µ–∫—...
The control sequence at the end of the top line
of your error message was never \def'ed. If you have
misspelled it (e.g., `\hobx'), type `I' and the correct
spelling (e.g., `I\hbox'). Otherwise just continue,
and I'll forget about whatever was undefined.


! Package inputenc Error: Unicode character —è (U+044F)
(inputenc)                not set up for use with LaTeX.

See the inputenc package documentation for explanation.
Type  H <return>  for immediate help.
 ...                                              
                                                  
l.72 A \cap B = \{f : (f(1) = 1) \cap (f \text{ —è
                                                  –≤–ª—è–µ—Ç—Å—è –∏–Ω—å–µ–∫—...

You may provide a definition with
\DeclareUnicodeCharacter 


! Package inputenc Error: Unicode character –≤ (U+0432)
(inputenc)                not set up for use with LaTeX.

See the inputenc package documentation for explanation.
Type  H <return>  for immediate help.
 ...                                              
                                                  
l.72 ...p B = \{f : (f(1) = 1) \cap (f \text{ —è–≤
                                                  –ª—è–µ—Ç—Å—è –∏–Ω—å–µ–∫—Ü–...

You may provide a definition with
\DeclareUnicodeCharacter 


! Package inputenc Error: Unicode character –ª (U+043B)
(inputenc)                not set up for use with LaTeX.

See the inputenc package documentation for explanation.
Type  H <return>  for immediate help.
 ...                                              
                                                  
l.72 ...B = \{f : (f(1) = 1) \cap (f \text{ —è–≤–ª
                                                  —è–µ—Ç—Å—è –∏–Ω—å–µ–∫—Ü–∏–...

You may provide a definition with
\DeclareUnicodeCharacter 


! Package inputenc Error: Unicode character —è (U+044F)
(inputenc)                not set up for use with LaTeX.

See the inputenc package documentation for explanation.
Type  H <return>  for immediate help.
 ...                                              
                                                  
l.72 ...= \{f : (f(1) = 1) \cap (f \text{ —è–≤–ª—è
                                                  –µ—Ç—Å—è –∏–Ω—å–µ–∫—Ü–∏–µ–...

You may provide a definition with
\DeclareUnicodeCharacter 


! Package inputenc Error: Unicode character –µ (U+0435)
(inputenc)                not set up for use with LaTeX.

See the inputenc package documentation for explanation.
Type  H <return>  for immediate help.
 ...                                              
                                                  
l.72 ...\{f : (f(1) = 1) \cap (f \text{ —è–≤–ª—è–µ
                                                  —Ç—Å—è –∏–Ω—å–µ–∫—Ü–∏–µ–π}...

You may provide a definition with
\DeclareUnicodeCharacter 


! Package inputenc Error: Unicode character —Ç (U+0442)
(inputenc)                not set up for use with LaTeX.

See the inputenc package documentation for explanation.
Type  H <return>  for immediate help.
 ...                                              
                                                  
l.72 ...f : (f(1) = 1) \cap (f \text{ —è–≤–ª—è–µ—Ç
                                                  —Å—è –∏–Ω—å–µ–∫—Ü–∏–µ–π})\...

You may provide a definition with
\DeclareUnicodeCharacter 


! Package inputenc Error: Unicode character —Å (U+0441)
(inputenc)                not set up for use with LaTeX.

See the inputenc package documentation for explanation.
Type  H <return>  for immediate help.
 ...                                              
                                                  
l.72 ...: (f(1) = 1) \cap (f \text{ —è–≤–ª—è–µ—Ç—Å
                                                  —è –∏–Ω—å–µ–∫—Ü–∏–µ–π})\} \\
You may provide a definition with
\DeclareUnicodeCharacter 


! Package inputenc Error: Unicode character —è (U+044F)
(inputenc)                not set up for use with LaTeX.

See the inputenc package documentation for explanation.
Type  H <return>  for immediate help.
 ...                                              
                                                  
l.72 ...(f(1) = 1) \cap (f \text{ —è–≤–ª—è–µ—Ç—Å—è
                                                   –∏–Ω—å–µ–∫—Ü–∏–µ–π})\} \\
You may provide a definition with
\DeclareUnicodeCharacter 


! Package inputenc Error: Unicode character –∏ (U+0438)
(inputenc)                not set up for use with LaTeX.

See the inputenc package documentation for explanation.
Type  H <return>  for immediate help.
 ...                                              
                                                  
l.72 ...1) = 1) \cap (f \text{ —è–≤–ª—è–µ—Ç—Å—è –∏
                                                  –Ω—å–µ–∫—Ü–∏–µ–π})\} \\
You may provide a definition with
\DeclareUnicodeCharacter 


! Package inputenc Error: Unicode character –Ω (U+043D)
(inputenc)                not set up for use with LaTeX.

See the inputenc package documentation for explanation.
Type  H <return>  for immediate help.
 ...                                              
                                                  
l.72 ... = 1) \cap (f \text{ —è–≤–ª—è–µ—Ç—Å—è –∏–Ω
                                                  —å–µ–∫—Ü–∏–µ–π})\} \\
You may provide a definition with
\DeclareUnicodeCharacter 


! Package inputenc Error: Unicode character —å (U+044C)
(inputenc)                not set up for use with LaTeX.

See the inputenc package documentation for explanation.
Type  H <return>  for immediate help.
 ...                                              
                                                  
l.72 ... 1) \cap (f \text{ —è–≤–ª—è–µ—Ç—Å—è –∏–Ω—å
                                                  –µ–∫—Ü–∏–µ–π})\} \\
You may provide a definition with
\DeclareUnicodeCharacter 


! Package inputenc Error: Unicode character –µ (U+0435)
(inputenc)                not set up for use with LaTeX.

See the inputenc package documentation for explanation.
Type  H <return>  for immediate help.
 ...                                              
                                                  
l.72 ...) \cap (f \text{ —è–≤–ª—è–µ—Ç—Å—è –∏–Ω—å–µ
                                                  –∫—Ü–∏–µ–π})\} \\
You may provide a definition with
\DeclareUnicodeCharacter 


! Package inputenc Error: Unicode character –∫ (U+043A)
(inputenc)                not set up for use with LaTeX.

See the inputenc package documentation for explanation.
Type  H <return>  for immediate help.
 ...                                              
                                                  
l.72 ...\cap (f \text{ —è–≤–ª—è–µ—Ç—Å—è –∏–Ω—å–µ–∫
                                                  —Ü–∏–µ–π})\} \\
You may provide a definition with
\DeclareUnicodeCharacter 


! Package inputenc Error: Unicode character —Ü (U+0446)
(inputenc)                not set up for use with LaTeX.

See the inputenc package documentation for explanation.
Type  H <return>  for immediate help.
 ...                                              
                                                  
l.72 ...ap (f \text{ —è–≤–ª—è–µ—Ç—Å—è –∏–Ω—å–µ–∫—Ü
                                                  –∏–µ–π})\} \\
You may provide a definition with
\DeclareUnicodeCharacter 


! Package inputenc Error: Unicode character –∏ (U+0438)
(inputenc)                not set up for use with LaTeX.

See the inputenc package documentation for explanation.
Type  H <return>  for immediate help.
 ...                                              
                                                  
l.72 ... (f \text{ —è–≤–ª—è–µ—Ç—Å—è –∏–Ω—å–µ–∫—Ü–∏
                                                  –µ–π})\} \\
You may provide a definition with
\DeclareUnicodeCharacter 


! Package inputenc Error: Unicode character –µ (U+0435)
(inputenc)                not set up for use with LaTeX.

See the inputenc package documentation for explanation.
Type  H <return>  for immediate help.
 ...                                              
                                                  
l.72 ...f \text{ —è–≤–ª—è–µ—Ç—Å—è –∏–Ω—å–µ–∫—Ü–∏–µ
                                                  –π})\} \\
You may provide a definition with
\DeclareUnicodeCharacter 


! Package inputenc Error: Unicode character –π (U+0439)
(inputenc)                not set up for use with LaTeX.

See the inputenc package documentation for explanation.
Type  H <return>  for immediate help.
 ...                                              
                                                  
l.72 ...\text{ —è–≤–ª—è–µ—Ç—Å—è –∏–Ω—å–µ–∫—Ü–∏–µ–π
                                                  })\} \\
You may provide a definition with
\DeclareUnicodeCharacter 

! Undefined control sequence.
l.76 P(A) = P(A|B) \rightarrow \text
                                    { –ê –∏ B –Ω–µ–∑–∞–≤–∏—Å–º—ã }
The control sequence at the end of the top line
of your error message was never \def'ed. If you have
misspelled it (e.g., `\hobx'), type `I' and the correct
spelling (e.g., `I\hbox'). Otherwise just continue,
and I'll forget about whatever was undefined.


! Package inputenc Error: Unicode character –ê (U+0410)
(inputenc)                not set up for use with LaTeX.

See the inputenc package documentation for explanation.
Type  H <return>  for immediate help.
 ...                                              
                                                  
l.76 P(A) = P(A|B) \rightarrow \text{ –ê
                                         –∏ B –Ω–µ–∑–∞–≤–∏—Å–º—ã }
You may provide a definition with
\DeclareUnicodeCharacter 


! Package inputenc Error: Unicode character –∏ (U+0438)
(inputenc)                not set up for use with LaTeX.

See the inputenc package documentation for explanation.
Type  H <return>  for immediate help.
 ...                                              
                                                  
l.76 P(A) = P(A|B) \rightarrow \text{ –ê –∏
                                            B –Ω–µ–∑–∞–≤–∏—Å–º—ã }
You may provide a definition with
\DeclareUnicodeCharacter 


! Package inputenc Error: Unicode character –Ω (U+043D)
(inputenc)                not set up for use with LaTeX.

See the inputenc package documentation for explanation.
Type  H <return>  for immediate help.
 ...                                              
                                                  
l.76 P(A) = P(A|B) \rightarrow \text{ –ê –∏ B –Ω
                                                –µ–∑–∞–≤–∏—Å–º—ã }
You may provide a definition with
\DeclareUnicodeCharacter 


! Package inputenc Error: Unicode character –µ (U+0435)
(inputenc)                not set up for use with LaTeX.

See the inputenc package documentation for explanation.
Type  H <return>  for immediate help.
 ...                                              
                                                  
l.76 P(A) = P(A|B) \rightarrow \text{ –ê –∏ B –Ω–µ
                                                  –∑–∞–≤–∏—Å–º—ã }
You may provide a definition with
\DeclareUnicodeCharacter 


! Package inputenc Error: Unicode character –∑ (U+0437)
(inputenc)                not set up for use with LaTeX.

See the inputenc package documentation for explanation.
Type  H <return>  for immediate help.
 ...                                              
                                                  
l.76 ...= P(A|B) \rightarrow \text{ –ê –∏ B –Ω–µ–∑
                                                  –∞–≤–∏—Å–º—ã }
You may provide a definition with
\DeclareUnicodeCharacter 


! Package inputenc Error: Unicode character –∞ (U+0430)
(inputenc)                not set up for use with LaTeX.

See the inputenc package documentation for explanation.
Type  H <return>  for immediate help.
 ...                                              
                                                  
l.76 ...P(A|B) \rightarrow \text{ –ê –∏ B –Ω–µ–∑–∞
                                                  –≤–∏—Å–º—ã }
You may provide a definition with
\DeclareUnicodeCharacter 


! Package inputenc Error: Unicode character –≤ (U+0432)
(inputenc)                not set up for use with LaTeX.

See the inputenc package documentation for explanation.
Type  H <return>  for immediate help.
 ...                                              
                                                  
l.76 ...A|B) \rightarrow \text{ –ê –∏ B –Ω–µ–∑–∞–≤
                                                  –∏—Å–º—ã }
You may provide a definition with
\DeclareUnicodeCharacter 


! Package inputenc Error: Unicode character –∏ (U+0438)
(inputenc)                not set up for use with LaTeX.

See the inputenc package documentation for explanation.
Type  H <return>  for immediate help.
 ...                                              
                                                  
l.76 ...B) \rightarrow \text{ –ê –∏ B –Ω–µ–∑–∞–≤–∏
                                                  —Å–º—ã }
You may provide a definition with
\DeclareUnicodeCharacter 


! Package inputenc Error: Unicode character —Å (U+0441)
(inputenc)                not set up for use with LaTeX.

See the inputenc package documentation for explanation.
Type  H <return>  for immediate help.
 ...                                              
                                                  
l.76 ... \rightarrow \text{ –ê –∏ B –Ω–µ–∑–∞–≤–∏—Å
                                                  –º—ã }
You may provide a definition with
\DeclareUnicodeCharacter 


! Package inputenc Error: Unicode character –º (U+043C)
(inputenc)                not set up for use with LaTeX.

See the inputenc package documentation for explanation.
Type  H <return>  for immediate help.
 ...                                              
                                                  
l.76 ...rightarrow \text{ –ê –∏ B –Ω–µ–∑–∞–≤–∏—Å–º
                                                  —ã }
You may provide a definition with
\DeclareUnicodeCharacter 


! Package inputenc Error: Unicode character —ã (U+044B)
(inputenc)                not set up for use with LaTeX.

See the inputenc package documentation for explanation.
Type  H <return>  for immediate help.
 ...                                              
                                                  
l.76 ...ghtarrow \text{ –ê –∏ B –Ω–µ–∑–∞–≤–∏—Å–º—ã
                                                   }
You may provide a definition with
\DeclareUnicodeCharacter 


! LaTeX Error: \begin{document} ended by \end{gathered}.

See the LaTeX manual or LaTeX Companion for explanation.
Type  H <return>  for immediate help.
 ...                                              
                                                  
l.77 \end{gathered}
                   
Your command was ignored.
Type  I <command> <return>  to replace it with another command,
or  <return>  to continue without it.

! Missing $ inserted.
<inserted text> 
                $
l.77 \end{gathered}
                   
I've inserted something that you may have forgotten.
(See the <inserted text> above.)
With luck, this will get me unwedged. But if you
really didn't forget anything, try typing `2' now; then
my insertion and my current dilemma will both disappear.


! LaTeX Error: \begin{document} ended by \end{equation*}.

See the LaTeX manual or LaTeX Companion for explanation.
Type  H <return>  for immediate help.
 ...                                              
                                                  
l.78 \end{equation*}
                    
Your command was ignored.
Type  I <command> <return>  to replace it with another command,
or  <return>  to continue without it.

! Undefined control sequence.
l.79 \section
             *{–ù–æ–º–µ—Ä 3}
The control sequence at the end of the top line
of your error message was never \def'ed. If you have
misspelled it (e.g., `\hobx'), type `I' and the correct
spelling (e.g., `I\hbox'). Otherwise just continue,
and I'll forget about whatever was undefined.


! Package inputenc Error: Unicode character –ù (U+041D)
(inputenc)                not set up for use with LaTeX.

See the inputenc package documentation for explanation.
Type  H <return>  for immediate help.
 ...                                              
                                                  
l.79 \section*{–ù
                 –æ–º–µ—Ä 3}
You may provide a definition with
\DeclareUnicodeCharacter 


! Package inputenc Error: Unicode character –æ (U+043E)
(inputenc)                not set up for use with LaTeX.

See the inputenc package documentation for explanation.
Type  H <return>  for immediate help.
 ...                                              
                                                  
l.79 \section*{–ù–æ
                   –º–µ—Ä 3}
You may provide a definition with
\DeclareUnicodeCharacter 


! Package inputenc Error: Unicode character –º (U+043C)
(inputenc)                not set up for use with LaTeX.

See the inputenc package documentation for explanation.
Type  H <return>  for immediate help.
 ...                                              
                                                  
l.79 \section*{–ù–æ–º
                     –µ—Ä 3}
You may provide a definition with
\DeclareUnicodeCharacter 


! Package inputenc Error: Unicode character –µ (U+0435)
(inputenc)                not set up for use with LaTeX.

See the inputenc package documentation for explanation.
Type  H <return>  for immediate help.
 ...                                              
                                                  
l.79 \section*{–ù–æ–º–µ
                       —Ä 3}
You may provide a definition with
\DeclareUnicodeCharacter 


! Package inputenc Error: Unicode character —Ä (U+0440)
(inputenc)                not set up for use with LaTeX.

See the inputenc package documentation for explanation.
Type  H <return>  for immediate help.
 ...                                              
                                                  
l.79 \section*{–ù–æ–º–µ—Ä
                          3}
You may provide a definition with
\DeclareUnicodeCharacter 


! LaTeX Error: Environment equation* undefined.

See the LaTeX manual or LaTeX Companion for explanation.
Type  H <return>  for immediate help.
 ...                                              
                                                  
l.80 \begin{equation*}
                      
Your command was ignored.
Type  I <command> <return>  to replace it with another command,
or  <return>  to continue without it.


! LaTeX Error: Environment gathered undefined.

See the LaTeX manual or LaTeX Companion for explanation.
Type  H <return>  for immediate help.
 ...                                              
                                                  
l.81 \begin{gathered}
                     
Your command was ignored.
Type  I <command> <return>  to replace it with another command,
or  <return>  to continue without it.

LaTeX Font Info:    Trying to load font information for OMS+cmr on input line 8
2.
(/usr/local/texlive/2020/texmf-dist/tex/latex/base/omscmr.fd
File: omscmr.fd 2019/12/16 v2.5j Standard LaTeX font definitions
)
LaTeX Font Info:    Font shape `OMS/cmr/m/n' in size <10> not available
(Font)              Font shape `OMS/cmsy/m/n' tried instead on input line 82.

! Undefined control sequence.
l.82 A = \{\text
                {–≤–µ—Ä–æ—è—Ç–Ω–æ—Å—Ç—å –≤—ã—Ç–∞—â–∏—Ç—å –∫–∞—Ä—Ç—É –∏–∑ 1 –...
The control sequence at the end of the top line
of your error message was never \def'ed. If you have
misspelled it (e.g., `\hobx'), type `I' and the correct
spelling (e.g., `I\hbox'). Otherwise just continue,
and I'll forget about whatever was undefined.


! Package inputenc Error: Unicode character –≤ (U+0432)
(inputenc)                not set up for use with LaTeX.

See the inputenc package documentation for explanation.
Type  H <return>  for immediate help.
 ...                                              
                                                  
l.82 A = \{\text{–≤
                   –µ—Ä–æ—è—Ç–Ω–æ—Å—Ç—å –≤—ã—Ç–∞—â–∏—Ç—å –∫–∞—Ä—Ç—É –∏–∑ 1 –...

You may provide a definition with
\DeclareUnicodeCharacter 


! Package inputenc Error: Unicode character –µ (U+0435)
(inputenc)                not set up for use with LaTeX.

See the inputenc package documentation for explanation.
Type  H <return>  for immediate help.
 ...                                              
                                                  
l.82 A = \{\text{–≤–µ
                     —Ä–æ—è—Ç–Ω–æ—Å—Ç—å –≤—ã—Ç–∞—â–∏—Ç—å –∫–∞—Ä—Ç—É –∏–∑ 1 –...

You may provide a definition with
\DeclareUnicodeCharacter 


! Package inputenc Error: Unicode character —Ä (U+0440)
(inputenc)                not set up for use with LaTeX.

See the inputenc package documentation for explanation.
Type  H <return>  for immediate help.
 ...                                              
                                                  
l.82 A = \{\text{–≤–µ—Ä
                       –æ—è—Ç–Ω–æ—Å—Ç—å –≤—ã—Ç–∞—â–∏—Ç—å –∫–∞—Ä—Ç—É –∏–∑ 1 –...

You may provide a definition with
\DeclareUnicodeCharacter 


! Package inputenc Error: Unicode character –æ (U+043E)
(inputenc)                not set up for use with LaTeX.

See the inputenc package documentation for explanation.
Type  H <return>  for immediate help.
 ...                                              
                                                  
l.82 A = \{\text{–≤–µ—Ä–æ
                         —è—Ç–Ω–æ—Å—Ç—å –≤—ã—Ç–∞—â–∏—Ç—å –∫–∞—Ä—Ç—É –∏–∑ 1 –...

You may provide a definition with
\DeclareUnicodeCharacter 


! Package inputenc Error: Unicode character —è (U+044F)
(inputenc)                not set up for use with LaTeX.

See the inputenc package documentation for explanation.
Type  H <return>  for immediate help.
 ...                                              
                                                  
l.82 A = \{\text{–≤–µ—Ä–æ—è
                           —Ç–Ω–æ—Å—Ç—å –≤—ã—Ç–∞—â–∏—Ç—å –∫–∞—Ä—Ç—É –∏–∑ 1 –...

You may provide a definition with
\DeclareUnicodeCharacter 


! Package inputenc Error: Unicode character —Ç (U+0442)
(inputenc)                not set up for use with LaTeX.

See the inputenc package documentation for explanation.
Type  H <return>  for immediate help.
 ...                                              
                                                  
l.82 A = \{\text{–≤–µ—Ä–æ—è—Ç
                             –Ω–æ—Å—Ç—å –≤—ã—Ç–∞—â–∏—Ç—å –∫–∞—Ä—Ç—É –∏–∑ 1 –...

You may provide a definition with
\DeclareUnicodeCharacter 


! Package inputenc Error: Unicode character –Ω (U+043D)
(inputenc)                not set up for use with LaTeX.

See the inputenc package documentation for explanation.
Type  H <return>  for immediate help.
 ...                                              
                                                  
l.82 A = \{\text{–≤–µ—Ä–æ—è—Ç–Ω
                               –æ—Å—Ç—å –≤—ã—Ç–∞—â–∏—Ç—å –∫–∞—Ä—Ç—É –∏–∑ 1 –...

You may provide a definition with
\DeclareUnicodeCharacter 


! Package inputenc Error: Unicode character –æ (U+043E)
(inputenc)                not set up for use with LaTeX.

See the inputenc package documentation for explanation.
Type  H <return>  for immediate help.
 ...                                              
                                                  
l.82 A = \{\text{–≤–µ—Ä–æ—è—Ç–Ω–æ
                                 —Å—Ç—å –≤—ã—Ç–∞—â–∏—Ç—å –∫–∞—Ä—Ç—É –∏–∑ 1 –...

You may provide a definition with
\DeclareUnicodeCharacter 


! Package inputenc Error: Unicode character —Å (U+0441)
(inputenc)                not set up for use with LaTeX.

See the inputenc package documentation for explanation.
Type  H <return>  for immediate help.
 ...                                              
                                                  
l.82 A = \{\text{–≤–µ—Ä–æ—è—Ç–Ω–æ—Å
                                   —Ç—å –≤—ã—Ç–∞—â–∏—Ç—å –∫–∞—Ä—Ç—É –∏–∑ 1 –...

You may provide a definition with
\DeclareUnicodeCharacter 


! Package inputenc Error: Unicode character —Ç (U+0442)
(inputenc)                not set up for use with LaTeX.

See the inputenc package documentation for explanation.
Type  H <return>  for immediate help.
 ...                                              
                                                  
l.82 A = \{\text{–≤–µ—Ä–æ—è—Ç–Ω–æ—Å—Ç
                                     —å –≤—ã—Ç–∞—â–∏—Ç—å –∫–∞—Ä—Ç—É –∏–∑ 1 –...

You may provide a definition with
\DeclareUnicodeCharacter 


! Package inputenc Error: Unicode character —å (U+044C)
(inputenc)                not set up for use with LaTeX.

See the inputenc package documentation for explanation.
Type  H <return>  for immediate help.
 ...                                              
                                                  
l.82 A = \{\text{–≤–µ—Ä–æ—è—Ç–Ω–æ—Å—Ç—å
                                        –≤—ã—Ç–∞—â–∏—Ç—å –∫–∞—Ä—Ç—É –∏–∑ 1 –...

You may provide a definition with
\DeclareUnicodeCharacter 


! Package inputenc Error: Unicode character –≤ (U+0432)
(inputenc)                not set up for use with LaTeX.

See the inputenc package documentation for explanation.
Type  H <return>  for immediate help.
 ...                                              
                                                  
l.82 A = \{\text{–≤–µ—Ä–æ—è—Ç–Ω–æ—Å—Ç—å –≤
                                          —ã—Ç–∞—â–∏—Ç—å –∫–∞—Ä—Ç—É –∏–∑ 1 –...

You may provide a definition with
\DeclareUnicodeCharacter 


! Package inputenc Error: Unicode character —ã (U+044B)
(inputenc)                not set up for use with LaTeX.

See the inputenc package documentation for explanation.
Type  H <return>  for immediate help.
 ...                                              
                                                  
l.82 A = \{\text{–≤–µ—Ä–æ—è—Ç–Ω–æ—Å—Ç—å –≤—ã
                                            —Ç–∞—â–∏—Ç—å –∫–∞—Ä—Ç—É –∏–∑ 1 –...

You may provide a definition with
\DeclareUnicodeCharacter 


! Package inputenc Error: Unicode character —Ç (U+0442)
(inputenc)                not set up for use with LaTeX.

See the inputenc package documentation for explanation.
Type  H <return>  for immediate help.
 ...                                              
                                                  
l.82 A = \{\text{–≤–µ—Ä–æ—è—Ç–Ω–æ—Å—Ç—å –≤—ã—Ç
                                              –∞—â–∏—Ç—å –∫–∞—Ä—Ç—É –∏–∑ 1 –...

You may provide a definition with
\DeclareUnicodeCharacter 


! Package inputenc Error: Unicode character –∞ (U+0430)
(inputenc)                not set up for use with LaTeX.

See the inputenc package documentation for explanation.
Type  H <return>  for immediate help.
 ...                                              
                                                  
l.82 A = \{\text{–≤–µ—Ä–æ—è—Ç–Ω–æ—Å—Ç—å –≤—ã—Ç–∞
                                                —â–∏—Ç—å –∫–∞—Ä—Ç—É –∏–∑ 1 –...

You may provide a definition with
\DeclareUnicodeCharacter 


! Package inputenc Error: Unicode character —â (U+0449)
(inputenc)                not set up for use with LaTeX.

See the inputenc package documentation for explanation.
Type  H <return>  for immediate help.
 ...                                              
                                                  
l.82 A = \{\text{–≤–µ—Ä–æ—è—Ç–Ω–æ—Å—Ç—å –≤—ã—Ç–∞—â
                                                  –∏—Ç—å –∫–∞—Ä—Ç—É –∏–∑ 1 –...

You may provide a definition with
\DeclareUnicodeCharacter 


! Package inputenc Error: Unicode character –∏ (U+0438)
(inputenc)                not set up for use with LaTeX.

See the inputenc package documentation for explanation.
Type  H <return>  for immediate help.
 ...                                              
                                                  
l.82 ...{\text{–≤–µ—Ä–æ—è—Ç–Ω–æ—Å—Ç—å –≤—ã—Ç–∞—â–∏
                                                  —Ç—å –∫–∞—Ä—Ç—É –∏–∑ 1 –∫–...

You may provide a definition with
\DeclareUnicodeCharacter 


! Package inputenc Error: Unicode character —Ç (U+0442)
(inputenc)                not set up for use with LaTeX.

See the inputenc package documentation for explanation.
Type  H <return>  for immediate help.
 ...                                              
                                                  
l.82 ...text{–≤–µ—Ä–æ—è—Ç–Ω–æ—Å—Ç—å –≤—ã—Ç–∞—â–∏—Ç
                                                  —å –∫–∞—Ä—Ç—É –∏–∑ 1 –∫–æ–...

You may provide a definition with
\DeclareUnicodeCharacter 


! Package inputenc Error: Unicode character —å (U+044C)
(inputenc)                not set up for use with LaTeX.

See the inputenc package documentation for explanation.
Type  H <return>  for immediate help.
 ...                                              
                                                  
l.82 ...xt{–≤–µ—Ä–æ—è—Ç–Ω–æ—Å—Ç—å –≤—ã—Ç–∞—â–∏—Ç—å
                                                   –∫–∞—Ä—Ç—É –∏–∑ 1 –∫–æ–ª–...

You may provide a definition with
\DeclareUnicodeCharacter 


! Package inputenc Error: Unicode character –∫ (U+043A)
(inputenc)                not set up for use with LaTeX.

See the inputenc package documentation for explanation.
Type  H <return>  for immediate help.
 ...                                              
                                                  
l.82 ...–≤–µ—Ä–æ—è—Ç–Ω–æ—Å—Ç—å –≤—ã—Ç–∞—â–∏—Ç—å –∫
                                                  –∞—Ä—Ç—É –∏–∑ 1 –∫–æ–ª–æ–¥...

You may provide a definition with
\DeclareUnicodeCharacter 


! Package inputenc Error: Unicode character –∞ (U+0430)
(inputenc)                not set up for use with LaTeX.

See the inputenc package documentation for explanation.
Type  H <return>  for immediate help.
 ...                                              
                                                  
l.82 ...–µ—Ä–æ—è—Ç–Ω–æ—Å—Ç—å –≤—ã—Ç–∞—â–∏—Ç—å –∫–∞
                                                  —Ä—Ç—É –∏–∑ 1 –∫–æ–ª–æ–¥—ã...

You may provide a definition with
\DeclareUnicodeCharacter 


! Package inputenc Error: Unicode character —Ä (U+0440)
(inputenc)                not set up for use with LaTeX.

See the inputenc package documentation for explanation.
Type  H <return>  for immediate help.
 ...                                              
                                                  
l.82 ...—Ä–æ—è—Ç–Ω–æ—Å—Ç—å –≤—ã—Ç–∞—â–∏—Ç—å –∫–∞—Ä
                                                  —Ç—É –∏–∑ 1 –∫–æ–ª–æ–¥—ã}\...

You may provide a definition with
\DeclareUnicodeCharacter 


! Package inputenc Error: Unicode character —Ç (U+0442)
(inputenc)                not set up for use with LaTeX.

See the inputenc package documentation for explanation.
Type  H <return>  for immediate help.
 ...                                              
                                                  
l.82 ...–æ—è—Ç–Ω–æ—Å—Ç—å –≤—ã—Ç–∞—â–∏—Ç—å –∫–∞—Ä—Ç
                                                  —É –∏–∑ 1 –∫–æ–ª–æ–¥—ã}\} \\
You may provide a definition with
\DeclareUnicodeCharacter 


! Package inputenc Error: Unicode character —É (U+0443)
(inputenc)                not set up for use with LaTeX.

See the inputenc package documentation for explanation.
Type  H <return>  for immediate help.
 ...                                              
                                                  
l.82 ...—è—Ç–Ω–æ—Å—Ç—å –≤—ã—Ç–∞—â–∏—Ç—å –∫–∞—Ä—Ç—É
                                                   –∏–∑ 1 –∫–æ–ª–æ–¥—ã}\} \\
You may provide a definition with
\DeclareUnicodeCharacter 


! Package inputenc Error: Unicode character –∏ (U+0438)
(inputenc)                not set up for use with LaTeX.

See the inputenc package documentation for explanation.
Type  H <return>  for immediate help.
 ...                                              
                                                  
l.82 ...Ç–Ω–æ—Å—Ç—å –≤—ã—Ç–∞—â–∏—Ç—å –∫–∞—Ä—Ç—É –∏
                                                  –∑ 1 –∫–æ–ª–æ–¥—ã}\} \\
You may provide a definition with
\DeclareUnicodeCharacter 


! Package inputenc Error: Unicode character –∑ (U+0437)
(inputenc)                not set up for use with LaTeX.

See the inputenc package documentation for explanation.
Type  H <return>  for immediate help.
 ...                                              
                                                  
l.82 ...Ω–æ—Å—Ç—å –≤—ã—Ç–∞—â–∏—Ç—å –∫–∞—Ä—Ç—É –∏–∑
                                                   1 –∫–æ–ª–æ–¥—ã}\} \\
You may provide a definition with
\DeclareUnicodeCharacter 


! Package inputenc Error: Unicode character –∫ (U+043A)
(inputenc)                not set up for use with LaTeX.

See the inputenc package documentation for explanation.
Type  H <return>  for immediate help.
 ...                                              
                                                  
l.82 ...—Ç—å –≤—ã—Ç–∞—â–∏—Ç—å –∫–∞—Ä—Ç—É –∏–∑ 1 –∫
                                                  –æ–ª–æ–¥—ã}\} \\
You may provide a definition with
\DeclareUnicodeCharacter 


! Package inputenc Error: Unicode character –æ (U+043E)
(inputenc)                not set up for use with LaTeX.

See the inputenc package documentation for explanation.
Type  H <return>  for immediate help.
 ...                                              
                                                  
l.82 ...—å –≤—ã—Ç–∞—â–∏—Ç—å –∫–∞—Ä—Ç—É –∏–∑ 1 –∫–æ
                                                  –ª–æ–¥—ã}\} \\
You may provide a definition with
\DeclareUnicodeCharacter 


! Package inputenc Error: Unicode character –ª (U+043B)
(inputenc)                not set up for use with LaTeX.

See the inputenc package documentation for explanation.
Type  H <return>  for immediate help.
 ...                                              
                                                  
l.82 ... –≤—ã—Ç–∞—â–∏—Ç—å –∫–∞—Ä—Ç—É –∏–∑ 1 –∫–æ–ª
                                                  –æ–¥—ã}\} \\
You may provide a definition with
\DeclareUnicodeCharacter 


! Package inputenc Error: Unicode character –æ (U+043E)
(inputenc)                not set up for use with LaTeX.

See the inputenc package documentation for explanation.
Type  H <return>  for immediate help.
 ...                                              
                                                  
l.82 ...≤—ã—Ç–∞—â–∏—Ç—å –∫–∞—Ä—Ç—É –∏–∑ 1 –∫–æ–ª–æ
                                                  –¥—ã}\} \\
You may provide a definition with
\DeclareUnicodeCharacter 


! Package inputenc Error: Unicode character –¥ (U+0434)
(inputenc)                not set up for use with LaTeX.

See the inputenc package documentation for explanation.
Type  H <return>  for immediate help.
 ...                                              
                                                  
l.82 ...ã—Ç–∞—â–∏—Ç—å –∫–∞—Ä—Ç—É –∏–∑ 1 –∫–æ–ª–æ–¥
                                                  —ã}\} \\
(That makes 100 errors; please try again.) 
Here is how much of TeX's memory you used:
 217 strings out of 480608
 5038 string characters out of 5903630
 243610 words of memory out of 5000000
 16199 multiletter control sequences out of 15000+600000
 532646 words of font info for 25 fonts, out of 8000000 for 9000
 1141 hyphenation exceptions out of 8191
 18i,3n,19p,201b,281s stack positions out of 5000i,500n,10000p,200000b,80000s

!  ==> Fatal error occurred, no output PDF file produced!
